nohup: ignoring input
reading train and test user-item set ...
combinating train_cf and kg data ...
building the graph ...
Begin to load interaction triples ...
  0%|          | 0/22970 [00:00<?, ?it/s]100%|##########| 22970/22970 [00:00<00:00, 790255.12it/s]

Begin to load knowledge graph triples ...
  0%|          | 0/193780 [00:00<?, ?it/s]  7%|6         | 12690/193780 [00:00<00:01, 122649.79it/s] 21%|##1       | 40905/193780 [00:00<00:00, 163287.45it/s] 39%|###9      | 75892/193780 [00:00<00:00, 235300.20it/s] 52%|#####1    | 100437/193780 [00:00<00:00, 194398.47it/s] 63%|######3   | 122655/193780 [00:00<00:00, 164295.76it/s] 82%|########1 | 158751/193780 [00:00<00:00, 214065.52it/s] 94%|#########4| 182724/193780 [00:01<00:00, 169221.53it/s]100%|##########| 193780/193780 [00:01<00:00, 184817.95it/s]
building the adj mat ...
Begin to build sparse relation matrix ...
  0%|          | 0/11 [00:00<?, ?it/s] 82%|████████▏ | 9/11 [00:00<00:00, 88.99it/s]100%|██████████| 11/11 [00:00<00:00, 89.92it/s]start training ...
using time 1.4264, training loss at epoch 0: 15.2551, cor: 58.573879

+-------+--------------------+-------------------+--------------------+----------------------------------------------------------+----------------------------------------------------------+----------------------------------------------------------+----------------------------------------------------------+----------------------------------------------------------+
| Epoch |   training time    |    tesing time    |        Loss        |                          recall                          |                           ndcg                           |                        precision                         |                        hit_ratio                         |                           acc                            |
+-------+--------------------+-------------------+--------------------+----------------------------------------------------------+----------------------------------------------------------+----------------------------------------------------------+----------------------------------------------------------+----------------------------------------------------------+
|   1   | 0.7602298259735107 | 1.744873285293579 | 15.252459526062012 | [0.00180978 0.00225372 0.00353962 0.00396825 0.00476837] | [0.00068965 0.0008237  0.00109505 0.00118096 0.00134553] | [0.00017145 0.00012859 0.00012859 0.00010716 0.00010716] | [0.00342906 0.00514359 0.00771539 0.00857265 0.01071582] | [0.00342906 0.00514359 0.00771539 0.00857265 0.01071582] |
+-------+--------------------+-------------------+--------------------+----------------------------------------------------------+----------------------------------------------------------+----------------------------------------------------------+----------------------------------------------------------+----------------------------------------------------------+
Traceback (most recent call last):
  File "main.py", line 143, in <module>
    torch.save(model.state_dict(), args.out_dir + 'model_' + args.dataset + '.ckpt')
  File "/home/linzewen/anaconda3/envs/cs/lib/python3.8/site-packages/torch/serialization.py", line 618, in save
    with _open_zipfile_writer(f) as opened_zipfile:
  File "/home/linzewen/anaconda3/envs/cs/lib/python3.8/site-packages/torch/serialization.py", line 492, in _open_zipfile_writer
    return container(name_or_buffer)
  File "/home/linzewen/anaconda3/envs/cs/lib/python3.8/site-packages/torch/serialization.py", line 463, in __init__
    super().__init__(torch._C.PyTorchFileWriter(self.name))
RuntimeError: Parent directory ./weights does not exist.
